<?xml version="1.0" encoding="UTF-8"?>
<!-- Generated by org.testng.reporters.JUnitReportReporter -->
<testsuite hostname="DESKTOP-TLKEIFQ" failures="0" tests="4" name="com.facetofacegames.UploadBuylist" time="9.576" errors="0" timestamp="2023-06-14T21:09:57 ADT" skipped="0">
  <testcase classname="com.facetofacegames.UploadBuylist" name="uploadBuylist" time="2.024"/>
  <system-out/>
  <testcase classname="com.facetofacegames.UploadBuylist" name="uploadBuylist" time="1.889"/>
  <system-out/>
  <testcase classname="com.facetofacegames.UploadBuylist" name="uploadBuylist" time="3.674"/>
  <system-out/>
  <testcase classname="com.facetofacegames.UploadBuylist" name="uploadBuylist" time="1.989"/>
  <system-out/>
</testsuite> <!-- com.facetofacegames.UploadBuylist -->
