<?xml version="1.0" encoding="UTF-8"?>
<!-- Generated by org.testng.reporters.JUnitReportReporter -->
<testsuite hostname="DESKTOP-TLKEIFQ" failures="0" tests="4" name="com.facetofacegames.UploadBuylist" time="32.051" errors="0" timestamp="2023-07-25T17:02:15 ADT" skipped="0">
  <testcase classname="com.facetofacegames.UploadBuylist" name="uploadBuylist" time="6.984"/>
  <system-out/>
  <testcase classname="com.facetofacegames.UploadBuylist" name="uploadBuylist" time="8.206"/>
  <system-out/>
  <testcase classname="com.facetofacegames.UploadBuylist" name="uploadBuylist" time="7.674"/>
  <system-out/>
  <testcase classname="com.facetofacegames.UploadBuylist" name="uploadBuylist" time="9.187"/>
  <system-out/>
</testsuite> <!-- com.facetofacegames.UploadBuylist -->
