<?xml version="1.0" encoding="UTF-8"?>
<!-- Generated by org.testng.reporters.JUnitReportReporter -->
<testsuite hostname="DESKTOP-TLKEIFQ" failures="0" tests="1" name="ca.expedia.InitialTests" time="8.958" errors="0" timestamp="2023-06-05T17:12:07 ADT" skipped="0">
  <testcase classname="ca.expedia.InitialTests" name="searchForStays" time="8.958"/>
  <system-out/>
</testsuite> <!-- ca.expedia.InitialTests -->
