<?xml version="1.0" encoding="UTF-8"?>
<!-- Generated by org.testng.reporters.JUnitReportReporter -->
<testsuite hostname="DESKTOP-TLKEIFQ" failures="0" tests="4" name="com.facetofacegames.UploadBuylist" time="12.515" errors="0" timestamp="2023-06-22T21:12:33 ADT" skipped="0">
  <testcase classname="com.facetofacegames.UploadBuylist" name="uploadBuylist" time="2.656"/>
  <system-out/>
  <testcase classname="com.facetofacegames.UploadBuylist" name="uploadBuylist" time="2.127"/>
  <system-out/>
  <testcase classname="com.facetofacegames.UploadBuylist" name="uploadBuylist" time="3.707"/>
  <system-out/>
  <testcase classname="com.facetofacegames.UploadBuylist" name="uploadBuylist" time="4.025"/>
  <system-out/>
</testsuite> <!-- com.facetofacegames.UploadBuylist -->
