<?xml version="1.0" encoding="UTF-8"?>
<!-- Generated by org.testng.reporters.JUnitReportReporter -->
<testsuite hostname="DESKTOP-TLKEIFQ" failures="0" tests="4" name="com.facetofacegames.UploadBuylist" time="30.667" errors="0" timestamp="2023-06-28T16:26:56 ADT" skipped="0">
  <testcase classname="com.facetofacegames.UploadBuylist" name="uploadBuylist" time="7.639"/>
  <system-out/>
  <testcase classname="com.facetofacegames.UploadBuylist" name="uploadBuylist" time="6.987"/>
  <system-out/>
  <testcase classname="com.facetofacegames.UploadBuylist" name="uploadBuylist" time="8.980"/>
  <system-out/>
  <testcase classname="com.facetofacegames.UploadBuylist" name="uploadBuylist" time="7.061"/>
  <system-out/>
</testsuite> <!-- com.facetofacegames.UploadBuylist -->
