<?xml version="1.0" encoding="UTF-8"?>
<!-- Generated by org.testng.reporters.JUnitReportReporter -->
<testsuite hostname="DESKTOP-TLKEIFQ" failures="0" tests="1" name="com.facetofacegames.InitialTests" time="7.469" errors="0" timestamp="2023-06-07T19:24:04 ADT" skipped="0">
  <testcase classname="com.facetofacegames.InitialTests" name="initialTest" time="7.469"/>
  <system-out/>
</testsuite> <!-- com.facetofacegames.InitialTests -->
