<?xml version="1.0" encoding="UTF-8"?>
<!-- Generated by org.testng.reporters.JUnitReportReporter -->
<testsuite hostname="DESKTOP-TLKEIFQ" failures="0" tests="4" name="com.facetofacegames.UploadBuylist" time="34.502" errors="0" timestamp="2023-07-11T21:29:05 ADT" skipped="0">
  <testcase classname="com.facetofacegames.UploadBuylist" name="uploadBuylist" time="8.611"/>
  <system-out/>
  <testcase classname="com.facetofacegames.UploadBuylist" name="uploadBuylist" time="9.270"/>
  <system-out/>
  <testcase classname="com.facetofacegames.UploadBuylist" name="uploadBuylist" time="8.034"/>
  <system-out/>
  <testcase classname="com.facetofacegames.UploadBuylist" name="uploadBuylist" time="8.587"/>
  <system-out/>
</testsuite> <!-- com.facetofacegames.UploadBuylist -->
